# JRE version: OpenJDK Runtime Environment (22.0.2+9) (build 22.0.2+9-70)
# Java VM: OpenJDK 64-Bit Server VM (22.0.2+9-70, mixed mode, emulated-client, sharing, tiered, compressed oops, compressed class ptrs, g1 gc, windows-amd64)
GC Precious Log:
 CardTable entry size: 512
 Card Set container configuration: InlinePtr #cards 5 size 8 Array Of Cards #cards 12 size 40 Howl #buckets 4 coarsen threshold 1843 Howl Bitmap #cards 512 size 80 coarsen threshold 460 Card regions per heap region 1 cards per card region 2048
 CPUs: 8 total, 8 available
 Memory: 7937M
 Large Page Support: Disabled
 NUMA Support: Disabled
 Compressed Oops: Enabled (32-bit)
 Heap Region Size: 1M
 Heap Min Capacity: 8M
 Heap Initial Capacity: 126M
 Heap Max Capacity: 1986M
 Pre-touch: Disabled
 Parallel Workers: 8
 Concurrent Workers: 2
 Concurrent Refinement Workers: 8
 Periodic GC: Disabled
Heap:
 garbage-first heap   total reserved 2033664K, committed 65536K, used 43520K [0x0000000083e00000, 0x0000000100000000)
  region size 1024K, 24 young (24576K), 4 survivors (4096K)
 Metaspace       used 55827K, committed 56448K, reserved 1114112K
  class space    used 7942K, committed 8192K, reserved 1048576K
GC Heap History (20 events):
Event: 0.876 GC heap before
{Heap before GC invocations=1 (full 0):
 garbage-first heap   total reserved 2033664K, committed 129024K, used 38570K [0x0000000083e00000, 0x0000000100000000)
  region size 1024K, 35 young (35840K), 3 survivors (3072K)
 Metaspace       used 13295K, committed 13632K, reserved 1114112K
  class space    used 1766K, committed 1920K, reserved 1048576K
}
Event: 0.882 GC heap after
{Heap after GC invocations=2 (full 0):
 garbage-first heap   total reserved 2033664K, committed 129024K, used 9276K [0x0000000083e00000, 0x0000000100000000)
  region size 1024K, 3 young (3072K), 3 survivors (3072K)
 Metaspace       used 13295K, committed 13632K, reserved 1114112K
  class space    used 1766K, committed 1920K, reserved 1048576K
}
Event: 1.125 GC heap before
{Heap before GC invocations=2 (full 0):
 garbage-first heap   total reserved 2033664K, committed 129024K, used 48188K [0x0000000083e00000, 0x0000000100000000)
  region size 1024K, 43 young (44032K), 3 survivors (3072K)
 Metaspace       used 20181K, committed 20480K, reserved 1114112K
  class space    used 2635K, committed 2752K, reserved 1048576K
}
Event: 1.131 GC heap after
{Heap after GC invocations=3 (full 0):
 garbage-first heap   total reserved 2033664K, committed 129024K, used 13024K [0x0000000083e00000, 0x0000000100000000)
  region size 1024K, 6 young (6144K), 6 survivors (6144K)
 Metaspace       used 20181K, committed 20480K, reserved 1114112K
  class space    used 2635K, committed 2752K, reserved 1048576K
}
Event: 1.311 GC heap before
{Heap before GC invocations=4 (full 0):
 garbage-first heap   total reserved 2033664K, committed 45056K, used 33504K [0x0000000083e00000, 0x0000000100000000)
  region size 1024K, 26 young (26624K), 6 survivors (6144K)
 Metaspace       used 22196K, committed 22528K, reserved 1114112K
  class space    used 2929K, committed 3072K, reserved 1048576K
}
Event: 1.319 GC heap after
{Heap after GC invocations=5 (full 0):
 garbage-first heap   total reserved 2033664K, committed 45056K, used 14026K [0x0000000083e00000, 0x0000000100000000)
  region size 1024K, 2 young (2048K), 2 survivors (2048K)
 Metaspace       used 22196K, committed 22528K, reserved 1114112K
  class space    used 2929K, committed 3072K, reserved 1048576K
}
Event: 1.530 GC heap before
{Heap before GC invocations=5 (full 0):
 garbage-first heap   total reserved 2033664K, committed 45056K, used 35530K [0x0000000083e00000, 0x0000000100000000)
  region size 1024K, 23 young (23552K), 2 survivors (2048K)
 Metaspace       used 25069K, committed 25536K, reserved 1114112K
  class space    used 3369K, committed 3584K, reserved 1048576K
}
Event: 1.536 GC heap after
{Heap after GC invocations=6 (full 0):
 garbage-first heap   total reserved 2033664K, committed 45056K, used 15081K [0x0000000083e00000, 0x0000000100000000)
  region size 1024K, 3 young (3072K), 3 survivors (3072K)
 Metaspace       used 25069K, committed 25536K, reserved 1114112K
  class space    used 3369K, committed 3584K, reserved 1048576K
}
Event: 1.764 GC heap before
{Heap before GC invocations=6 (full 0):
 garbage-first heap   total reserved 2033664K, committed 45056K, used 36585K [0x0000000083e00000, 0x0000000100000000)
  region size 1024K, 24 young (24576K), 3 survivors (3072K)
 Metaspace       used 28197K, committed 28736K, reserved 1114112K
  class space    used 3861K, committed 4096K, reserved 1048576K
}
Event: 1.770 GC heap after
{Heap after GC invocations=7 (full 0):
 garbage-first heap   total reserved 2033664K, committed 54272K, used 17270K [0x0000000083e00000, 0x0000000100000000)
  region size 1024K, 3 young (3072K), 3 survivors (3072K)
 Metaspace       used 28197K, committed 28736K, reserved 1114112K
  class space    used 3861K, committed 4096K, reserved 1048576K
}
Event: 2.026 GC heap before
{Heap before GC invocations=7 (full 0):
 garbage-first heap   total reserved 2033664K, committed 54272K, used 44918K [0x0000000083e00000, 0x0000000100000000)
  region size 1024K, 30 young (30720K), 3 survivors (3072K)
 Metaspace       used 32673K, committed 33216K, reserved 1114112K
  class space    used 4464K, committed 4672K, reserved 1048576K
}
Event: 2.029 GC heap after
{Heap after GC invocations=8 (full 0):
 garbage-first heap   total reserved 2033664K, committed 54272K, used 19341K [0x0000000083e00000, 0x0000000100000000)
  region size 1024K, 4 young (4096K), 4 survivors (4096K)
 Metaspace       used 32673K, committed 33216K, reserved 1114112K
  class space    used 4464K, committed 4672K, reserved 1048576K
}
Event: 2.063 GC heap before
{Heap before GC invocations=8 (full 0):
 garbage-first heap   total reserved 2033664K, committed 54272K, used 22413K [0x0000000083e00000, 0x0000000100000000)
  region size 1024K, 8 young (8192K), 4 survivors (4096K)
 Metaspace       used 33581K, committed 34176K, reserved 1114112K
  class space    used 4596K, committed 4864K, reserved 1048576K
}
Event: 2.065 GC heap after
{Heap after GC invocations=9 (full 0):
 garbage-first heap   total reserved 2033664K, committed 54272K, used 19494K [0x0000000083e00000, 0x0000000100000000)
  region size 1024K, 2 young (2048K), 2 survivors (2048K)
 Metaspace       used 33581K, committed 34176K, reserved 1114112K
  class space    used 4596K, committed 4864K, reserved 1048576K
}
Event: 2.331 GC heap before
{Heap before GC invocations=10 (full 0):
 garbage-first heap   total reserved 2033664K, committed 54272K, used 45094K [0x0000000083e00000, 0x0000000100000000)
  region size 1024K, 28 young (28672K), 2 survivors (2048K)
 Metaspace       used 39310K, committed 39936K, reserved 1114112K
  class space    used 5457K, committed 5760K, reserved 1048576K
}
Event: 2.334 GC heap after
{Heap after GC invocations=11 (full 0):
 garbage-first heap   total reserved 2033664K, committed 54272K, used 21256K [0x0000000083e00000, 0x0000000100000000)
  region size 1024K, 4 young (4096K), 4 survivors (4096K)
 Metaspace       used 39310K, committed 39936K, reserved 1114112K
  class space    used 5457K, committed 5760K, reserved 1048576K
}
Event: 2.600 GC heap before
{Heap before GC invocations=11 (full 0):
 garbage-first heap   total reserved 2033664K, committed 54272K, used 43784K [0x0000000083e00000, 0x0000000100000000)
  region size 1024K, 27 young (27648K), 4 survivors (4096K)
 Metaspace       used 44580K, committed 45248K, reserved 1114112K
  class space    used 6185K, committed 6464K, reserved 1048576K
}
Event: 2.605 GC heap after
{Heap after GC invocations=12 (full 0):
 garbage-first heap   total reserved 2033664K, committed 65536K, used 22661K [0x0000000083e00000, 0x0000000100000000)
  region size 1024K, 4 young (4096K), 4 survivors (4096K)
 Metaspace       used 44580K, committed 45248K, reserved 1114112K
  class space    used 6185K, committed 6464K, reserved 1048576K
}
Event: 3.012 GC heap before
{Heap before GC invocations=12 (full 0):
 garbage-first heap   total reserved 2033664K, committed 65536K, used 55429K [0x0000000083e00000, 0x0000000100000000)
  region size 1024K, 37 young (37888K), 4 survivors (4096K)
 Metaspace       used 52037K, committed 52608K, reserved 1114112K
  class space    used 7364K, committed 7616K, reserved 1048576K
}
Event: 3.016 GC heap after
{Heap after GC invocations=13 (full 0):
 garbage-first heap   total reserved 2033664K, committed 65536K, used 24064K [0x0000000083e00000, 0x0000000100000000)
  region size 1024K, 4 young (4096K), 4 survivors (4096K)
 Metaspace       used 52037K, committed 52608K, reserved 1114112K
  class space    used 7364K, committed 7616K, reserved 1048576K
}

